1533455202.124414 client started (21149): version 2.6, socket /private/tmp/tmux-501/default, protocol 8
1533455202.124509 on Darwin 17.5.0 Darwin Kernel Version 17.5.0: Mon Mar  5 22:24:32 PST 2018; root:xnu-4570.51.1~1/RELEASE_X86_64; libevent 2.1.8-stable (select)
1533455202.124584 socket is /private/tmp/tmux-501/default
1533455202.124620 trying connect
1533455202.124803 add peer 0x7fef47010000: 6 (0x0)
1533455202.127577 sending message 100 to peer 0x7fef47010000 (4 bytes)
1533455202.127625 sending message 101 to peer 0x7fef47010000 (16 bytes)
1533455202.127641 sending message 102 to peer 0x7fef47010000 (13 bytes)
1533455202.127655 sending message 108 to peer 0x7fef47010000 (44 bytes)
1533455202.127682 sending message 104 to peer 0x7fef47010000 (0 bytes)
1533455202.127696 sending message 107 to peer 0x7fef47010000 (4 bytes)
1533455202.127709 sending message 105 to peer 0x7fef47010000 (504 bytes)
1533455202.127722 sending message 105 to peer 0x7fef47010000 (28 bytes)
1533455202.127735 sending message 105 to peer 0x7fef47010000 (14 bytes)
1533455202.127748 sending message 105 to peer 0x7fef47010000 (21 bytes)
1533455202.127761 sending message 105 to peer 0x7fef47010000 (16 bytes)
1533455202.127774 sending message 105 to peer 0x7fef47010000 (57 bytes)
1533455202.127787 sending message 105 to peer 0x7fef47010000 (61 bytes)
1533455202.127800 sending message 105 to peer 0x7fef47010000 (76 bytes)
1533455202.127813 sending message 105 to peer 0x7fef47010000 (25 bytes)
1533455202.127825 sending message 105 to peer 0x7fef47010000 (53 bytes)
1533455202.127838 sending message 105 to peer 0x7fef47010000 (15 bytes)
1533455202.127851 sending message 105 to peer 0x7fef47010000 (30 bytes)
1533455202.127864 sending message 105 to peer 0x7fef47010000 (66 bytes)
1533455202.127877 sending message 105 to peer 0x7fef47010000 (43 bytes)
1533455202.127890 sending message 105 to peer 0x7fef47010000 (312 bytes)
1533455202.127903 sending message 105 to peer 0x7fef47010000 (46 bytes)
1533455202.127916 sending message 105 to peer 0x7fef47010000 (48 bytes)
1533455202.127929 sending message 105 to peer 0x7fef47010000 (17 bytes)
1533455202.127941 sending message 105 to peer 0x7fef47010000 (14 bytes)
1533455202.127954 sending message 105 to peer 0x7fef47010000 (13 bytes)
1533455202.127967 sending message 105 to peer 0x7fef47010000 (17 bytes)
1533455202.127980 sending message 105 to peer 0x7fef47010000 (19 bytes)
1533455202.127994 sending message 105 to peer 0x7fef47010000 (8 bytes)
1533455202.128007 sending message 105 to peer 0x7fef47010000 (22 bytes)
1533455202.128019 sending message 105 to peer 0x7fef47010000 (18 bytes)
1533455202.128032 sending message 105 to peer 0x7fef47010000 (55 bytes)
1533455202.128045 sending message 105 to peer 0x7fef47010000 (42 bytes)
1533455202.128058 sending message 105 to peer 0x7fef47010000 (75 bytes)
1533455202.128071 sending message 105 to peer 0x7fef47010000 (22 bytes)
1533455202.128084 sending message 105 to peer 0x7fef47010000 (17 bytes)
1533455202.128097 sending message 105 to peer 0x7fef47010000 (15 bytes)
1533455202.128110 sending message 106 to peer 0x7fef47010000 (0 bytes)
1533455202.128128 sending message 200 to peer 0x7fef47010000 (4 bytes)
1533455202.128142 client loop enter
1533455202.128502 peer 0x7fef47010000 message 211
1533455202.128544 peer 0x7fef47010000 message 203
1533455202.128566 client loop exit
